<?xml version="1.0" encoding="UTF-8"?>
<!-- Generated by org.testng.reporters.JUnitReportReporter -->
<testsuite hostname="MSI" failures="0" tests="2" name="com.orangehrm.testcases.PaymentTestCases" time="0.009" errors="0" timestamp="2024-08-02T20:10:05 IST" skipped="0">
  <testcase classname="com.orangehrm.testcases.PaymentTestCases" name="Payment1" time="0.008"/>
  <system-out/>
  <testcase classname="com.orangehrm.testcases.PaymentTestCases" name="Payment4" time="0.001"/>
  <system-out/>
</testsuite> <!-- com.orangehrm.testcases.PaymentTestCases -->
