<?xml version="1.0" encoding="UTF-8"?>
<!-- Generated by org.testng.reporters.JUnitReportReporter -->
<testsuite hostname="MSI" failures="0" tests="2" name="com.orangehrm.testcases.AddToCartTestCases" time="65.514" errors="0" timestamp="2024-08-11T12:27:51 IST" skipped="0">
  <testcase classname="com.orangehrm.testcases.AddToCartTestCases" name="AddToCartWithQuantityZero_TC01" time="6.797"/>
  <system-out/>
  <testcase classname="com.orangehrm.testcases.AddToCartTestCases" name="AddToCartWithQuantity2_TC02" time="58.717"/>
  <system-out/>
</testsuite> <!-- com.orangehrm.testcases.AddToCartTestCases -->
