<?xml version="1.0" encoding="UTF-8"?>
<!-- Generated by org.testng.reporters.JUnitReportReporter -->
<testsuite hostname="MSI" failures="0" tests="4" name="com.orangehrm.testcases.PaymentTestCases" time="0.004" errors="0" timestamp="2024-08-02T18:42:36 IST" skipped="0">
  <testcase classname="com.orangehrm.testcases.PaymentTestCases" name="Payment4" time="0.000"/>
  <system-out/>
  <testcase classname="com.orangehrm.testcases.PaymentTestCases" name="Payment2" time="0.004"/>
  <system-out/>
  <testcase classname="com.orangehrm.testcases.PaymentTestCases" name="Payment1" time="0.000"/>
  <system-out/>
  <testcase classname="com.orangehrm.testcases.PaymentTestCases" name="Payment3" time="0.000"/>
  <system-out/>
</testsuite> <!-- com.orangehrm.testcases.PaymentTestCases -->
